c:\users\petrp\documents\институт 2023\второе полугодие\компьютерная графика\лаба 2\openglrememberproj\debug\vc143.pdb
c:\users\petrp\documents\институт 2023\второе полугодие\компьютерная графика\лаба 2\openglrememberproj\debug\vc143.idb
c:\users\petrp\documents\институт 2023\второе полугодие\компьютерная графика\лаба 2\openglrememberproj\debug\render.obj
c:\users\petrp\documents\институт 2023\второе полугодие\компьютерная графика\лаба 2\openglrememberproj\debug\prizmarender.obj
c:\users\petrp\documents\институт 2023\второе полугодие\компьютерная графика\лаба 2\openglrememberproj\debug\primitivesstatic.obj
c:\users\petrp\documents\институт 2023\второе полугодие\компьютерная графика\лаба 2\openglrememberproj\debug\primitives.obj
c:\users\petrp\documents\институт 2023\второе полугодие\компьютерная графика\лаба 2\openglrememberproj\debug\openglrememberproj.obj
c:\users\petrp\documents\институт 2023\второе полугодие\компьютерная графика\лаба 2\openglrememberproj\debug\object.obj
c:\users\petrp\documents\институт 2023\второе полугодие\компьютерная графика\лаба 2\openglrememberproj\debug\myogl.obj
c:\users\petrp\documents\институт 2023\второе полугодие\компьютерная графика\лаба 2\openglrememberproj\debug\guitextrectangle.obj
c:\users\petrp\documents\институт 2023\второе полугодие\компьютерная графика\лаба 2\debug\openglrememberproj.exe
c:\users\petrp\documents\институт 2023\второе полугодие\компьютерная графика\лаба 2\debug\openglrememberproj.pdb
c:\users\petrp\documents\институт 2023\второе полугодие\компьютерная графика\лаба 2\openglrememberproj\debug\openglrememberproj.res
c:\users\petrp\documents\институт 2023\второе полугодие\компьютерная графика\лаба 2\openglrememberproj\debug\openglrememberproj.ilk
c:\users\petrp\documents\институт 2023\второе полугодие\компьютерная графика\лаба 2\openglrememberproj\debug\openglre.c624775c.tlog\cl.command.1.tlog
c:\users\petrp\documents\институт 2023\второе полугодие\компьютерная графика\лаба 2\openglrememberproj\debug\openglre.c624775c.tlog\cl.items.tlog
c:\users\petrp\documents\институт 2023\второе полугодие\компьютерная графика\лаба 2\openglrememberproj\debug\openglre.c624775c.tlog\cl.read.1.tlog
c:\users\petrp\documents\институт 2023\второе полугодие\компьютерная графика\лаба 2\openglrememberproj\debug\openglre.c624775c.tlog\cl.write.1.tlog
c:\users\petrp\documents\институт 2023\второе полугодие\компьютерная графика\лаба 2\openglrememberproj\debug\openglre.c624775c.tlog\link.command.1.tlog
c:\users\petrp\documents\институт 2023\второе полугодие\компьютерная графика\лаба 2\openglrememberproj\debug\openglre.c624775c.tlog\link.read.1.tlog
c:\users\petrp\documents\институт 2023\второе полугодие\компьютерная графика\лаба 2\openglrememberproj\debug\openglre.c624775c.tlog\link.secondary.1.tlog
c:\users\petrp\documents\институт 2023\второе полугодие\компьютерная графика\лаба 2\openglrememberproj\debug\openglre.c624775c.tlog\link.write.1.tlog
c:\users\petrp\documents\институт 2023\второе полугодие\компьютерная графика\лаба 2\openglrememberproj\debug\openglre.c624775c.tlog\rc.command.1.tlog
c:\users\petrp\documents\институт 2023\второе полугодие\компьютерная графика\лаба 2\openglrememberproj\debug\openglre.c624775c.tlog\rc.read.1.tlog
c:\users\petrp\documents\институт 2023\второе полугодие\компьютерная графика\лаба 2\openglrememberproj\debug\openglre.c624775c.tlog\rc.write.1.tlog
